<?xml version="1.0" encoding="UTF-8"?>
<testng-results skipped="0" failed="0" ignored="0" total="1" passed="1">
  <reporter-output>
  </reporter-output>
  <suite name="Default suite" duration-ms="27425" started-at="2017-12-01T09:26:02Z" finished-at="2017-12-01T09:26:29Z">
    <groups>
    </groups>
    <test name="Default test" duration-ms="27425" started-at="2017-12-01T09:26:02Z" finished-at="2017-12-01T09:26:29Z">
      <class name="chanzhi.registration2">
        <test-method status="PASS" signature="setUpBrowser()[pri:0, instance:chanzhi.registration2@5034c75a]" name="setUpBrowser" is-config="true" duration-ms="4153" started-at="2017-12-01T17:26:02Z" finished-at="2017-12-01T17:26:06Z">
          <reporter-output>
          </reporter-output>
        </test-method> <!-- setUpBrowser -->
        <test-method status="PASS" signature="registration()[pri:0, instance:chanzhi.registration2@5034c75a]" name="registration" duration-ms="23245" started-at="2017-12-01T17:26:06Z" finished-at="2017-12-01T17:26:29Z">
          <reporter-output>
          </reporter-output>
        </test-method> <!-- registration -->
      </class> <!-- chanzhi.registration2 -->
    </test> <!-- Default test -->
  </suite> <!-- Default suite -->
</testng-results>
