<?xml version="1.0" encoding="UTF-8"?>
<testng-results skipped="0" failed="0" ignored="0" total="1" passed="1">
  <reporter-output>
  </reporter-output>
  <suite name="Default suite" duration-ms="21151" started-at="2017-12-06T02:53:49Z" finished-at="2017-12-06T02:54:10Z">
    <groups>
    </groups>
    <test name="Default test" duration-ms="21151" started-at="2017-12-06T02:53:49Z" finished-at="2017-12-06T02:54:10Z">
      <class name="chanzhi.registration1_1">
        <test-method status="PASS" signature="setUpBrowser()[pri:0, instance:chanzhi.registration1_1@735b5592]" name="setUpBrowser" is-config="true" duration-ms="5358" started-at="2017-12-06T10:53:49Z" finished-at="2017-12-06T10:53:55Z">
          <reporter-output>
          </reporter-output>
        </test-method> <!-- setUpBrowser -->
        <test-method status="PASS" signature="registration(java.lang.String, java.lang.String)[pri:0, instance:chanzhi.registration1_1@735b5592]" name="registration" duration-ms="15756" started-at="2017-12-06T10:53:55Z" data-provider="world" finished-at="2017-12-06T10:54:10Z">
          <params>
            <param index="0">
              <value>
                <![CDATA[设置注册协议]]>
              </value>
            </param>
            <param index="1">
              <value>
                <![CDATA[合法的内容]]>
              </value>
            </param>
          </params>
          <reporter-output>
          </reporter-output>
        </test-method> <!-- registration -->
      </class> <!-- chanzhi.registration1_1 -->
    </test> <!-- Default test -->
  </suite> <!-- Default suite -->
</testng-results>
